Installing packages into ‘/home/crg17/R/x86_64-pc-linux-gnu-library/3.6’
(as ‘lib’ is unspecified)
Loading required package: RColorBrewer
Loading required package: pheatmap
Loading required package: d3heatmap
Loading required package: viridis
Loading required package: viridisLite
Loading required package: ComplexHeatmap
Loading required package: circlize
========================================
circlize version 0.4.9
CRAN page: https://cran.r-project.org/package=circlize
Github page: https://github.com/jokergoo/circlize
Documentation: https://jokergoo.github.io/circlize_book/book/

If you use it in published research, please cite:
Gu, Z. circlize implements and enhances circular visualization
  in R. Bioinformatics 2014.

This message can be suppressed by:
  suppressPackageStartupMessages(library(circlize))
========================================

Loading required package: dendextend

---------------------
Welcome to dendextend version 1.13.4
Type citation('dendextend') for how to cite the package.

Type browseVignettes(package = 'dendextend') for the package vignette.
The github page is: https://github.com/talgalili/dendextend/

Suggestions and bug-reports can be submitted at: https://github.com/talgalili/dendextend/issues
Or contact: <tal.galili@gmail.com>

	To suppress this message use:  suppressPackageStartupMessages(library(dendextend))
---------------------


Attaching package: ‘dendextend’

The following object is masked from ‘package:stats’:

    cutree

Loading required package: dendsort
Loading required package: seriation
Registered S3 method overwritten by 'seriation':
  method         from 
  reorder.hclust gclus
Loading required package: ggplot2
Loading required package: nnet
Loading required package: stringr
Loading required package: jjb
Loading required package: corrplot
corrplot 0.84 loaded
Loading required package: gplots

Attaching package: ‘gplots’

The following objects are masked from ‘package:seriation’:

    bluered, greenred

The following object is masked from ‘package:stats’:

    lowess

Loading required package: doParallel
Loading required package: foreach
Loading required package: iterators
Loading required package: parallel
Warning messages:
1: packages ‘d3heatmap’, ‘ComplexHeatmap’ are not available (for R version 3.6.3) 
2: In library(package, lib.loc = lib.loc, character.only = TRUE, logical.return = TRUE,  :
  there is no package called ‘d3heatmap’
3: In library(package, lib.loc = lib.loc, character.only = TRUE, logical.return = TRUE,  :
  there is no package called ‘ComplexHeatmap’

Processing file 0\180...

Processing file 10\180...

Processing file 20\180...

Processing file 30\180...

Processing file 40\180...

Processing file 50\180...

Processing file 60\180...

Processing file 70\180...

Processing file 80\180...

Processing file 90\180...

Processing file 100\180...

Processing file 110\180...

Processing file 120\180...

Processing file 130\180...

Processing file 140\180...

Processing file 150\180...

Processing file 160\180...

Processing file 170\180...

Processing file 0\180...

Processing file 10\180...

Processing file 20\180...

Processing file 30\180...

Processing file 40\180...

Processing file 50\180...

Processing file 60\180...

Processing file 70\180...

Processing file 80\180...

Processing file 90\180...

Processing file 100\180...

Processing file 110\180...

Processing file 120\180...

Processing file 130\180...

Processing file 140\180...

Processing file 150\180...

Processing file 160\180...

Processing file 170\180...

Processing file 0\180...

Processing file 10\180...

Processing file 20\180...

Processing file 30\180...

Processing file 40\180...

Processing file 50\180...

Processing file 60\180...

Processing file 70\180...

Processing file 80\180...

Processing file 90\180...

Processing file 100\180...

Processing file 110\180...

Processing file 120\180...

Processing file 130\180...

Processing file 140\180...

Processing file 150\180...

Processing file 160\180...

Processing file 170\180...

Processing file 0\180...

Processing file 10\180...

Processing file 20\180...

Processing file 30\180...

Processing file 40\180...

Processing file 50\180...

Processing file 60\180...

Processing file 70\180...

Processing file 80\180...

Processing file 90\180...

Processing file 100\180...

Processing file 110\180...

Processing file 120\180...

Processing file 130\180...

Processing file 140\180...

Processing file 150\180...

Processing file 160\180...

Processing file 170\180...

Processing file 0\180...

Processing file 10\180...

Processing file 20\180...

Processing file 30\180...

Processing file 40\180...

Processing file 50\180...

Processing file 60\180...

Processing file 70\180...

Processing file 80\180...

Processing file 90\180...

Processing file 100\180...

Processing file 110\180...

Processing file 120\180...

Processing file 130\180...

Processing file 140\180...

Processing file 150\180...

Processing file 160\180...

Processing file 170\180...

Processing file 0\180...

Processing file 10\180...

Processing file 20\180...

Processing file 30\180...

Processing file 40\180...

Processing file 50\180...

Processing file 60\180...

Processing file 70\180...

Processing file 80\180...

Processing file 90\180...

Processing file 100\180...

Processing file 110\180...

Processing file 120\180...

Processing file 130\180...

Processing file 140\180...

Processing file 150\180...

Processing file 160\180...

Processing file 170\180...

Processing file 0\180...

Processing file 10\180...

Processing file 20\180...

Processing file 30\180...

Processing file 40\180...

Processing file 50\180...

Processing file 60\180...

Processing file 70\180...

Processing file 80\180...

Processing file 90\180...

Processing file 100\180...

Processing file 110\180...

Processing file 120\180...

Processing file 130\180...

Processing file 140\180...

Processing file 150\180...

Processing file 160\180...

Processing file 170\180...

Processing file 0\180...

Processing file 10\180...

Processing file 20\180...

Processing file 30\180...

Processing file 40\180...

Processing file 50\180...

Processing file 60\180...

Processing file 70\180...

Processing file 80\180...

Processing file 90\180...

Processing file 100\180...

Processing file 110\180...

Processing file 120\180...

Processing file 130\180...

Processing file 140\180...

Processing file 150\180...

Processing file 160\180...

Processing file 170\180...

Processing file 0\180...

Processing file 10\180...

Processing file 20\180...

Processing file 30\180...

Processing file 40\180...

Processing file 50\180...

Processing file 60\180...

Processing file 70\180...

Processing file 80\180...

Processing file 90\180...

Processing file 100\180...

Processing file 110\180...

Processing file 120\180...

Processing file 130\180...

Processing file 140\180...

Processing file 150\180...

Processing file 160\180...

Processing file 170\180...

Processing file 0\180...

Processing file 10\180...

Processing file 20\180...

Processing file 30\180...

Processing file 40\180...

Processing file 50\180...

Processing file 60\180...

Processing file 70\180...

Processing file 80\180...

Processing file 90\180...

Processing file 100\180...

Processing file 110\180...

Processing file 120\180...

Processing file 130\180...

Processing file 140\180...

Processing file 150\180...

Processing file 160\180...

Processing file 170\180...

Processing file 0\180...

Processing file 10\180...

Processing file 20\180...

Processing file 30\180...

Processing file 40\180...

Processing file 50\180...

Processing file 60\180...

Processing file 70\180...

Processing file 80\180...

Processing file 90\180...

Processing file 100\180...

Processing file 110\180...

Processing file 120\180...

Processing file 130\180...

Processing file 140\180...

Processing file 150\180...

Processing file 160\180...

Processing file 170\180...

Processing file 0\180...

Processing file 10\180...

Processing file 20\180...

Processing file 30\180...

Processing file 40\180...

Processing file 50\180...

Processing file 60\180...

Processing file 70\180...

Processing file 80\180...

Processing file 90\180...

Processing file 100\180...

Processing file 110\180...

Processing file 120\180...

Processing file 130\180...

Processing file 140\180...

Processing file 150\180...

Processing file 160\180...

Processing file 170\180...

Processing file 0\180...

Processing file 10\180...

Processing file 20\180...

Processing file 30\180...

Processing file 40\180...

Processing file 50\180...

Processing file 60\180...

Processing file 70\180...

Processing file 80\180...

Processing file 90\180...

Processing file 100\180...

Processing file 110\180...

Processing file 120\180...

Processing file 130\180...

Processing file 140\180...

Processing file 150\180...

Processing file 160\180...

Processing file 170\180...

Processing file 0\180...

Processing file 10\180...

Processing file 20\180...

Processing file 30\180...

Processing file 40\180...

Processing file 50\180...

Processing file 60\180...

Processing file 70\180...

Processing file 80\180...

Processing file 90\180...

Processing file 100\180...

Processing file 110\180...

Processing file 120\180...

Processing file 130\180...

Processing file 140\180...

Processing file 150\180...

Processing file 160\180...

Processing file 170\180...

Processing file 0\180...

Processing file 10\180...

Processing file 20\180...

Processing file 30\180...

Processing file 40\180...

Processing file 50\180...

Processing file 60\180...

Processing file 70\180...

Processing file 80\180...

Processing file 90\180...

Processing file 100\180...

Processing file 110\180...

Processing file 120\180...

Processing file 130\180...

Processing file 140\180...

Processing file 150\180...

Processing file 160\180...

Processing file 170\180...

Processing file 0\180...

Processing file 10\180...

Processing file 20\180...

Processing file 30\180...

Processing file 40\180...

Processing file 50\180...

Processing file 60\180...

Processing file 70\180...

Processing file 80\180...

Processing file 90\180...

Processing file 100\180...

Processing file 110\180...

Processing file 120\180...

Processing file 130\180...

Processing file 140\180...

Processing file 150\180...

Processing file 160\180...

Processing file 170\180...

Processing file 0\180...

Processing file 10\180...

Processing file 20\180...

Processing file 30\180...

Processing file 40\180...

Processing file 50\180...

Processing file 60\180...

Processing file 70\180...

Processing file 80\180...

Processing file 90\180...

Processing file 100\180...

Processing file 110\180...

Processing file 120\180...

Processing file 130\180...

Processing file 140\180...

Processing file 150\180...

Processing file 160\180...

Processing file 170\180...

Processing file 0\180...

Processing file 10\180...

Processing file 20\180...

Processing file 30\180...

Processing file 40\180...

Processing file 50\180...

Processing file 60\180...

Processing file 70\180...

Processing file 80\180...

Processing file 90\180...

Processing file 100\180...

Processing file 110\180...

Processing file 120\180...

Processing file 130\180...

Processing file 140\180...

Processing file 150\180...

Processing file 160\180...

Processing file 170\180...

Processing file 0\180...

Processing file 10\180...

Processing file 20\180...

Processing file 30\180...

Processing file 40\180...

Processing file 50\180...

Processing file 60\180...

Processing file 70\180...

Processing file 80\180...

Processing file 90\180...

Processing file 100\180...

Processing file 110\180...

Processing file 120\180...

Processing file 130\180...

Processing file 140\180...

Processing file 150\180...

Processing file 160\180...

Processing file 170\180...

Processing file 0\180...

Processing file 10\180...

Processing file 20\180...

Processing file 30\180...

Processing file 40\180...

Processing file 50\180...

Processing file 60\180...

Processing file 70\180...

Processing file 80\180...

Processing file 90\180...

Processing file 100\180...

Processing file 110\180...

Processing file 120\180...

Processing file 130\180...

Processing file 140\180...

Processing file 150\180...

Processing file 160\180...

Processing file 170\180...

Processing file 0\180...

Processing file 10\180...

Processing file 20\180...

Processing file 30\180...

Processing file 40\180...

Processing file 50\180...

Processing file 60\180...

Processing file 70\180...

Processing file 80\180...

Processing file 90\180...

Processing file 100\180...

Processing file 110\180...

Processing file 120\180...

Processing file 130\180...

Processing file 140\180...

Processing file 150\180...

Processing file 160\180...

Processing file 170\180...

Processing file 0\180...

Processing file 10\180...

Processing file 20\180...

Processing file 30\180...

Processing file 40\180...

Processing file 50\180...

Processing file 60\180...

Processing file 70\180...

Processing file 80\180...

Processing file 90\180...

Processing file 100\180...

Processing file 110\180...

Processing file 120\180...

Processing file 130\180...

Processing file 140\180...

Processing file 150\180...

Processing file 160\180...

Processing file 170\180...

Processing file 0\180...

Processing file 10\180...

Processing file 20\180...

Processing file 30\180...

Processing file 40\180...

Processing file 50\180...

Processing file 60\180...

Processing file 70\180...

Processing file 80\180...

Processing file 90\180...

Processing file 100\180...

Processing file 110\180...

Processing file 120\180...

Processing file 130\180...

Processing file 140\180...

Processing file 150\180...

Processing file 160\180...

Processing file 170\180...

Processing file 0\180...

Processing file 10\180...

Processing file 20\180...

Processing file 30\180...

Processing file 40\180...

Processing file 50\180...

Processing file 60\180...

Processing file 70\180...

Processing file 80\180...

Processing file 90\180...

Processing file 100\180...

Processing file 110\180...

Processing file 120\180...

Processing file 130\180...

Processing file 140\180...

Processing file 150\180...

Processing file 160\180...

Processing file 170\180...
[[1]]
[1] 0

[[2]]
[1] 0

[[3]]
[1] 0

[[4]]
[1] 0

[[5]]
[1] 0

[[6]]
[1] 0

[[7]]
[1] 0

[[8]]
[1] 0

[[9]]
[1] 0

[[10]]
[1] 0

[[11]]
[1] 0

[[12]]
[1] 0

[[13]]
[1] 0

[[14]]
[1] 0

[[15]]
[1] 0

[[16]]
[1] 0

[[17]]
[1] 0

[[18]]
[1] 0

[[19]]
[1] 0

[[20]]
[1] 0

[[21]]
[1] 0

[[22]]
[1] 0

[[23]]
[1] 0

[[24]]
[1] 0

Reading /media/crg17/Seagate Backup Plus Drive/CT_cases/HF_case01/meshing/1000um/BiV/BiV.elem file...
Reading act time from /media/crg17/Seagate Backup Plus Drive/CT_cases/HF_case01/simulations/multipole/eikonal_default_nobase/BiV.RV_endo.apex with the name vm_act_seqReading /media/crg17/Seagate Backup Plus Drive/CT_cases/HF_case01/simulations/multipole/eikonal_default_nobase/BiV.RV_endo.apex/vm_act_seq.dat file...
Reading /media/crg17/Seagate Backup Plus Drive/CT_cases/HF_case01/meshing/1000um/BiV/BiV_mesh_volume.dat file...
Sorting elements by AT...Computing AT_10...
Computing AT_90...
Reading /media/crg17/Seagate Backup Plus Drive/CT_cases/HF_case02/meshing/1000um/BiV/BiV.elem file...
Reading act time from /media/crg17/Seagate Backup Plus Drive/CT_cases/HF_case02/simulations/multipole/eikonal_default_nobase/BiV.RV_endo.apex with the name vm_act_seqReading /media/crg17/Seagate Backup Plus Drive/CT_cases/HF_case02/simulations/multipole/eikonal_default_nobase/BiV.RV_endo.apex/vm_act_seq.dat file...
Reading /media/crg17/Seagate Backup Plus Drive/CT_cases/HF_case02/meshing/1000um/BiV/BiV_mesh_volume.dat file...
Sorting elements by AT...Computing AT_10...
Computing AT_90...
Reading /media/crg17/Seagate Backup Plus Drive/CT_cases/HF_case03/meshing/1000um/BiV/BiV.elem file...
Reading act time from /media/crg17/Seagate Backup Plus Drive/CT_cases/HF_case03/simulations/multipole/eikonal_default_nobase/BiV.RV_endo.apex with the name vm_act_seqReading /media/crg17/Seagate Backup Plus Drive/CT_cases/HF_case03/simulations/multipole/eikonal_default_nobase/BiV.RV_endo.apex/vm_act_seq.dat file...
Reading /media/crg17/Seagate Backup Plus Drive/CT_cases/HF_case03/meshing/1000um/BiV/BiV_mesh_volume.dat file...
Sorting elements by AT...Computing AT_10...
Computing AT_90...
Reading /media/crg17/Seagate Backup Plus Drive/CT_cases/HF_case04/meshing/1000um/BiV/BiV.elem file...
Reading act time from /media/crg17/Seagate Backup Plus Drive/CT_cases/HF_case04/simulations/multipole/eikonal_default_nobase/BiV.RV_endo.apex with the name vm_act_seqReading /media/crg17/Seagate Backup Plus Drive/CT_cases/HF_case04/simulations/multipole/eikonal_default_nobase/BiV.RV_endo.apex/vm_act_seq.dat file...
Reading /media/crg17/Seagate Backup Plus Drive/CT_cases/HF_case04/meshing/1000um/BiV/BiV_mesh_volume.dat file...
Sorting elements by AT...Computing AT_10...
Computing AT_90...
Reading /media/crg17/Seagate Backup Plus Drive/CT_cases/HF_case05/meshing/1000um/BiV/BiV.elem file...
Reading act time from /media/crg17/Seagate Backup Plus Drive/CT_cases/HF_case05/simulations/multipole/eikonal_default_nobase/BiV.RV_endo.apex with the name vm_act_seqReading /media/crg17/Seagate Backup Plus Drive/CT_cases/HF_case05/simulations/multipole/eikonal_default_nobase/BiV.RV_endo.apex/vm_act_seq.dat file...
Reading /media/crg17/Seagate Backup Plus Drive/CT_cases/HF_case05/meshing/1000um/BiV/BiV_mesh_volume.dat file...
Sorting elements by AT...Computing AT_10...
Computing AT_90...
Reading /media/crg17/Seagate Backup Plus Drive/CT_cases/HF_case06/meshing/1000um/BiV/BiV.elem file...
Reading act time from /media/crg17/Seagate Backup Plus Drive/CT_cases/HF_case06/simulations/multipole/eikonal_default_nobase/BiV.RV_endo.apex with the name vm_act_seqReading /media/crg17/Seagate Backup Plus Drive/CT_cases/HF_case06/simulations/multipole/eikonal_default_nobase/BiV.RV_endo.apex/vm_act_seq.dat file...
Reading /media/crg17/Seagate Backup Plus Drive/CT_cases/HF_case06/meshing/1000um/BiV/BiV_mesh_volume.dat file...
Sorting elements by AT...Computing AT_10...
Computing AT_90...
Reading /media/crg17/Seagate Backup Plus Drive/CT_cases/HF_case07/meshing/1000um/BiV/BiV.elem file...
Reading act time from /media/crg17/Seagate Backup Plus Drive/CT_cases/HF_case07/simulations/multipole/eikonal_default_nobase/BiV.RV_endo.apex with the name vm_act_seqReading /media/crg17/Seagate Backup Plus Drive/CT_cases/HF_case07/simulations/multipole/eikonal_default_nobase/BiV.RV_endo.apex/vm_act_seq.dat file...
Reading /media/crg17/Seagate Backup Plus Drive/CT_cases/HF_case07/meshing/1000um/BiV/BiV_mesh_volume.dat file...
Sorting elements by AT...Computing AT_10...
Computing AT_90...
Reading /media/crg17/Seagate Backup Plus Drive/CT_cases/HF_case08/meshing/1000um/BiV/BiV.elem file...
Reading act time from /media/crg17/Seagate Backup Plus Drive/CT_cases/HF_case08/simulations/multipole/eikonal_default_nobase/BiV.RV_endo.apex with the name vm_act_seqReading /media/crg17/Seagate Backup Plus Drive/CT_cases/HF_case08/simulations/multipole/eikonal_default_nobase/BiV.RV_endo.apex/vm_act_seq.dat file...
Reading /media/crg17/Seagate Backup Plus Drive/CT_cases/HF_case08/meshing/1000um/BiV/BiV_mesh_volume.dat file...
Sorting elements by AT...Computing AT_10...
Computing AT_90...
Reading /media/crg17/Seagate Backup Plus Drive/CT_cases/HF_case09/meshing/1000um/BiV/BiV.elem file...
Reading act time from /media/crg17/Seagate Backup Plus Drive/CT_cases/HF_case09/simulations/multipole/eikonal_default_nobase/BiV.RV_endo.apex with the name vm_act_seqReading /media/crg17/Seagate Backup Plus Drive/CT_cases/HF_case09/simulations/multipole/eikonal_default_nobase/BiV.RV_endo.apex/vm_act_seq.dat file...
Reading /media/crg17/Seagate Backup Plus Drive/CT_cases/HF_case09/meshing/1000um/BiV/BiV_mesh_volume.dat file...
Sorting elements by AT...Computing AT_10...
Computing AT_90...
Reading /media/crg17/Seagate Backup Plus Drive/CT_cases/HF_case10/meshing/1000um/BiV/BiV.elem file...
Reading act time from /media/crg17/Seagate Backup Plus Drive/CT_cases/HF_case10/simulations/multipole/eikonal_default_nobase/BiV.RV_endo.apex with the name vm_act_seqReading /media/crg17/Seagate Backup Plus Drive/CT_cases/HF_case10/simulations/multipole/eikonal_default_nobase/BiV.RV_endo.apex/vm_act_seq.dat file...
Reading /media/crg17/Seagate Backup Plus Drive/CT_cases/HF_case10/meshing/1000um/BiV/BiV_mesh_volume.dat file...
Sorting elements by AT...Computing AT_10...
Computing AT_90...
Reading /media/crg17/Seagate Backup Plus Drive/CT_cases/HF_case11/meshing/1000um/BiV/BiV.elem file...
Reading act time from /media/crg17/Seagate Backup Plus Drive/CT_cases/HF_case11/simulations/multipole/eikonal_default_nobase/BiV.RV_endo.apex with the name vm_act_seqReading /media/crg17/Seagate Backup Plus Drive/CT_cases/HF_case11/simulations/multipole/eikonal_default_nobase/BiV.RV_endo.apex/vm_act_seq.dat file...
Reading /media/crg17/Seagate Backup Plus Drive/CT_cases/HF_case11/meshing/1000um/BiV/BiV_mesh_volume.dat file...
Sorting elements by AT...Computing AT_10...
Computing AT_90...
Reading /media/crg17/Seagate Backup Plus Drive/CT_cases/HF_case12/meshing/1000um/BiV/BiV.elem file...
Reading act time from /media/crg17/Seagate Backup Plus Drive/CT_cases/HF_case12/simulations/multipole/eikonal_default_nobase/BiV.RV_endo.apex with the name vm_act_seqReading /media/crg17/Seagate Backup Plus Drive/CT_cases/HF_case12/simulations/multipole/eikonal_default_nobase/BiV.RV_endo.apex/vm_act_seq.dat file...
Reading /media/crg17/Seagate Backup Plus Drive/CT_cases/HF_case12/meshing/1000um/BiV/BiV_mesh_volume.dat file...
Sorting elements by AT...Computing AT_10...
Computing AT_90...
Reading /media/crg17/Seagate Backup Plus Drive/CT_cases/HF_case13/meshing/1000um/BiV/BiV.elem file...
Reading act time from /media/crg17/Seagate Backup Plus Drive/CT_cases/HF_case13/simulations/multipole/eikonal_default_nobase/BiV.RV_endo.apex with the name vm_act_seqReading /media/crg17/Seagate Backup Plus Drive/CT_cases/HF_case13/simulations/multipole/eikonal_default_nobase/BiV.RV_endo.apex/vm_act_seq.dat file...
Reading /media/crg17/Seagate Backup Plus Drive/CT_cases/HF_case13/meshing/1000um/BiV/BiV_mesh_volume.dat file...
Sorting elements by AT...Computing AT_10...
Computing AT_90...
Reading /media/crg17/Seagate Backup Plus Drive/CT_cases/HF_case14/meshing/1000um/BiV/BiV.elem file...
Reading act time from /media/crg17/Seagate Backup Plus Drive/CT_cases/HF_case14/simulations/multipole/eikonal_default_nobase/BiV.RV_endo.apex with the name vm_act_seqReading /media/crg17/Seagate Backup Plus Drive/CT_cases/HF_case14/simulations/multipole/eikonal_default_nobase/BiV.RV_endo.apex/vm_act_seq.dat file...
Reading /media/crg17/Seagate Backup Plus Drive/CT_cases/HF_case14/meshing/1000um/BiV/BiV_mesh_volume.dat file...
Sorting elements by AT...Computing AT_10...
Computing AT_90...
Reading /media/crg17/Seagate Backup Plus Drive/CT_cases/HF_case15/meshing/1000um/BiV/BiV.elem file...
Reading act time from /media/crg17/Seagate Backup Plus Drive/CT_cases/HF_case15/simulations/multipole/eikonal_default_nobase/BiV.RV_endo.apex with the name vm_act_seqReading /media/crg17/Seagate Backup Plus Drive/CT_cases/HF_case15/simulations/multipole/eikonal_default_nobase/BiV.RV_endo.apex/vm_act_seq.dat file...
Reading /media/crg17/Seagate Backup Plus Drive/CT_cases/HF_case15/meshing/1000um/BiV/BiV_mesh_volume.dat file...
Sorting elements by AT...Computing AT_10...
Computing AT_90...
Reading /media/crg17/Seagate Backup Plus Drive/CT_cases/HF_case16/meshing/1000um/BiV/BiV.elem file...
Reading act time from /media/crg17/Seagate Backup Plus Drive/CT_cases/HF_case16/simulations/multipole/eikonal_default_nobase/BiV.RV_endo.apex with the name vm_act_seqReading /media/crg17/Seagate Backup Plus Drive/CT_cases/HF_case16/simulations/multipole/eikonal_default_nobase/BiV.RV_endo.apex/vm_act_seq.dat file...
Reading /media/crg17/Seagate Backup Plus Drive/CT_cases/HF_case16/meshing/1000um/BiV/BiV_mesh_volume.dat file...
Sorting elements by AT...Computing AT_10...
Computing AT_90...
Reading /media/crg17/Seagate Backup Plus Drive/CT_cases/HF_case17/meshing/1000um/BiV/BiV.elem file...
Reading act time from /media/crg17/Seagate Backup Plus Drive/CT_cases/HF_case17/simulations/multipole/eikonal_default_nobase/BiV.RV_endo.apex with the name vm_act_seqReading /media/crg17/Seagate Backup Plus Drive/CT_cases/HF_case17/simulations/multipole/eikonal_default_nobase/BiV.RV_endo.apex/vm_act_seq.dat file...
Reading /media/crg17/Seagate Backup Plus Drive/CT_cases/HF_case17/meshing/1000um/BiV/BiV_mesh_volume.dat file...
Sorting elements by AT...Computing AT_10...
Computing AT_90...
Reading /media/crg17/Seagate Backup Plus Drive/CT_cases/HF_case18/meshing/1000um/BiV/BiV.elem file...
Reading act time from /media/crg17/Seagate Backup Plus Drive/CT_cases/HF_case18/simulations/multipole/eikonal_default_nobase/BiV.RV_endo.apex with the name vm_act_seqReading /media/crg17/Seagate Backup Plus Drive/CT_cases/HF_case18/simulations/multipole/eikonal_default_nobase/BiV.RV_endo.apex/vm_act_seq.dat file...
Reading /media/crg17/Seagate Backup Plus Drive/CT_cases/HF_case18/meshing/1000um/BiV/BiV_mesh_volume.dat file...
Sorting elements by AT...Computing AT_10...
Computing AT_90...
Reading /media/crg17/Seagate Backup Plus Drive/CT_cases/HF_case19/meshing/1000um/BiV/BiV.elem file...
Reading act time from /media/crg17/Seagate Backup Plus Drive/CT_cases/HF_case19/simulations/multipole/eikonal_default_nobase/BiV.RV_endo.apex with the name vm_act_seqReading /media/crg17/Seagate Backup Plus Drive/CT_cases/HF_case19/simulations/multipole/eikonal_default_nobase/BiV.RV_endo.apex/vm_act_seq.dat file...
Reading /media/crg17/Seagate Backup Plus Drive/CT_cases/HF_case19/meshing/1000um/BiV/BiV_mesh_volume.dat file...
Sorting elements by AT...Computing AT_10...
Computing AT_90...
Reading /media/crg17/Seagate Backup Plus Drive/CT_cases/HF_case20/meshing/1000um/BiV/BiV.elem file...
Reading act time from /media/crg17/Seagate Backup Plus Drive/CT_cases/HF_case20/simulations/multipole/eikonal_default_nobase/BiV.RV_endo.apex with the name vm_act_seqReading /media/crg17/Seagate Backup Plus Drive/CT_cases/HF_case20/simulations/multipole/eikonal_default_nobase/BiV.RV_endo.apex/vm_act_seq.dat file...
Reading /media/crg17/Seagate Backup Plus Drive/CT_cases/HF_case20/meshing/1000um/BiV/BiV_mesh_volume.dat file...
Sorting elements by AT...Computing AT_10...
Computing AT_90...
Reading /media/crg17/Seagate Backup Plus Drive/CT_cases/HF_case21/meshing/1000um/BiV/BiV.elem file...
Reading act time from /media/crg17/Seagate Backup Plus Drive/CT_cases/HF_case21/simulations/multipole/eikonal_default_nobase/BiV.RV_endo.apex with the name vm_act_seqReading /media/crg17/Seagate Backup Plus Drive/CT_cases/HF_case21/simulations/multipole/eikonal_default_nobase/BiV.RV_endo.apex/vm_act_seq.dat file...
Reading /media/crg17/Seagate Backup Plus Drive/CT_cases/HF_case21/meshing/1000um/BiV/BiV_mesh_volume.dat file...
Sorting elements by AT...Computing AT_10...
Computing AT_90...
Reading /media/crg17/Seagate Backup Plus Drive/CT_cases/HF_case22/meshing/1000um/BiV/BiV.elem file...
Reading act time from /media/crg17/Seagate Backup Plus Drive/CT_cases/HF_case22/simulations/multipole/eikonal_default_nobase/BiV.RV_endo.apex with the name vm_act_seqReading /media/crg17/Seagate Backup Plus Drive/CT_cases/HF_case22/simulations/multipole/eikonal_default_nobase/BiV.RV_endo.apex/vm_act_seq.dat file...
Reading /media/crg17/Seagate Backup Plus Drive/CT_cases/HF_case22/meshing/1000um/BiV/BiV_mesh_volume.dat file...
Sorting elements by AT...Computing AT_10...
Computing AT_90...
Reading /media/crg17/Seagate Backup Plus Drive/CT_cases/HF_case23/meshing/1000um/BiV/BiV.elem file...
Reading act time from /media/crg17/Seagate Backup Plus Drive/CT_cases/HF_case23/simulations/multipole/eikonal_default_nobase/BiV.RV_endo.apex with the name vm_act_seqReading /media/crg17/Seagate Backup Plus Drive/CT_cases/HF_case23/simulations/multipole/eikonal_default_nobase/BiV.RV_endo.apex/vm_act_seq.dat file...
Reading /media/crg17/Seagate Backup Plus Drive/CT_cases/HF_case23/meshing/1000um/BiV/BiV_mesh_volume.dat file...
Sorting elements by AT...Computing AT_10...
Computing AT_90...
Reading /media/crg17/Seagate Backup Plus Drive/CT_cases/HF_case24/meshing/1000um/BiV/BiV.elem file...
Reading act time from /media/crg17/Seagate Backup Plus Drive/CT_cases/HF_case24/simulations/multipole/eikonal_default_nobase/BiV.RV_endo.apex with the name vm_act_seqReading /media/crg17/Seagate Backup Plus Drive/CT_cases/HF_case24/simulations/multipole/eikonal_default_nobase/BiV.RV_endo.apex/vm_act_seq.dat file...
Reading /media/crg17/Seagate Backup Plus Drive/CT_cases/HF_case24/meshing/1000um/BiV/BiV_mesh_volume.dat file...
Sorting elements by AT...Computing AT_10...
Computing AT_90...
